Arguments: 
  /home/dinh/.nvm/versions/node/v16.16.0/bin/node /home/dinh/.node/corepack/yarn/1.22.15/bin/yarn.js init

PATH: 
  /usr/share/code/bin:/home/dinh/.local/bin:/usr/share/code/bin:/home/dinh/.nvm/versions/node/v16.16.0/bin:/home/dinh/.cargo/bin:/home/dinh/.local/bin:/usr/local/sbin:/usr/local/bin:/usr/sbin:/usr/bin:/sbin:/bin:/usr/games:/usr/local/games:/snap/bin:/usr/lib/jvm/java-17-oracle/bin:/usr/lib/jvm/java-17-oracle/db/bin:/home/dinh/bin:/usr/lib/jvm/java-17-oracle/bin:/home/dinh/.yarn/bin:/usr/lib/jvm/java-17-oracle/bin:/usr/lib/jvm/java-17-oracle/db/bin:/home/dinh/bin:/usr/lib/jvm/java-17-oracle/bin:/home/dinh/Android/Sdk/emulator:/home/dinh/Android/Sdk/platform-tools:/home/dinh/Android/Sdk/tools:/home/dinh/Android/Sdk/tools/bin:/home/dinh/App/android-studio/bin:/home/dinh/.yarn/bin:/home/dinh/Android/Sdk/emulator:/home/dinh/Android/Sdk/platform-tools:/home/dinh/Android/Sdk/tools:/home/dinh/Android/Sdk/tools/bin:/home/dinh/App/android-studio/bin

Yarn version: 
  1.22.15

Node version: 
  16.16.0

Platform: 
  linux x64

Trace: 
  Error: canceled
      at Interface.<anonymous> (/home/dinh/.node/corepack/yarn/1.22.15/lib/cli.js:137145:13)
      at Interface.emit (node:events:527:28)
      at Interface._ttyWrite (node:readline:1081:16)
      at ReadStream.onkeypress (node:readline:288:10)
      at ReadStream.emit (node:events:527:28)
      at emitKeys (node:internal/readline/utils:358:14)
      at emitKeys.next (<anonymous>)
      at ReadStream.onData (node:internal/readline/emitKeypressEvents:61:36)
      at ReadStream.emit (node:events:527:28)
      at addChunk (node:internal/streams/readable:315:12)

npm manifest: 
  {
      "name": "smart_contract",
      "version": "1.0.0",
      "description": "",
      "main": "index.js",
      "scripts": {
          "test": "npx hardhat test",
          "compile": "npx hardhat compile"
      },
      "keywords": [],
      "author": "",
      "license": "ISC",
      "devDependencies": {
          "@nomicfoundation/hardhat-toolbox": "^1.0.2",
          "hardhat": "^2.10.1",
          "prettier": "^2.7.1"
      },
      "dependencies": {
          "@chainlink/contracts": "^0.4.2",
          "@openzeppelin/contracts": "^4.7.1",
          "dotenv": "^16.0.1"
      }
  }

yarn manifest: 
  No manifest

Lockfile: 
  No lockfile
